d:\onedrive\maths_cs\ift3355\devoir\devoir4\ift3355_tp4_a2021\build\debug\vc142.pdb
d:\onedrive\maths_cs\ift3355\devoir\devoir4\ift3355_tp4_a2021\build\debug\vc142.idb
d:\onedrive\maths_cs\ift3355\devoir\devoir4\ift3355_tp4_a2021\build\debug\raytracer.sbr
d:\onedrive\maths_cs\ift3355\devoir\devoir4\ift3355_tp4_a2021\build\debug\parser.sbr
d:\onedrive\maths_cs\ift3355\devoir\devoir4\ift3355_tp4_a2021\build\debug\object.sbr
d:\onedrive\maths_cs\ift3355\devoir\devoir4\ift3355_tp4_a2021\build\debug\main.sbr
d:\onedrive\maths_cs\ift3355\devoir\devoir4\ift3355_tp4_a2021\build\debug\main.obj
d:\onedrive\maths_cs\ift3355\devoir\devoir4\ift3355_tp4_a2021\build\debug\object.obj
d:\onedrive\maths_cs\ift3355\devoir\devoir4\ift3355_tp4_a2021\build\debug\parser.obj
d:\onedrive\maths_cs\ift3355\devoir\devoir4\ift3355_tp4_a2021\build\debug\raytracer.obj
d:\onedrive\maths_cs\ift3355\devoir\devoir4\ift3355_tp4_a2021\tp4.exe
d:\onedrive\maths_cs\ift3355\devoir\devoir4\ift3355_tp4_a2021\build\debug\tp4.ilk
d:\onedrive\maths_cs\ift3355\devoir\devoir4\ift3355_tp4_a2021\tp4.pdb
d:\onedrive\maths_cs\ift3355\devoir\devoir4\ift3355_tp4_a2021\tp4.bsc
d:\onedrive\maths_cs\ift3355\devoir\devoir4\ift3355_tp4_a2021\build\debug\tp4.tlog\bscmake.command.1.tlog
d:\onedrive\maths_cs\ift3355\devoir\devoir4\ift3355_tp4_a2021\build\debug\tp4.tlog\bscmake.read.1.tlog
d:\onedrive\maths_cs\ift3355\devoir\devoir4\ift3355_tp4_a2021\build\debug\tp4.tlog\cl.command.1.tlog
d:\onedrive\maths_cs\ift3355\devoir\devoir4\ift3355_tp4_a2021\build\debug\tp4.tlog\cl.read.1.tlog
d:\onedrive\maths_cs\ift3355\devoir\devoir4\ift3355_tp4_a2021\build\debug\tp4.tlog\cl.write.1.tlog
d:\onedrive\maths_cs\ift3355\devoir\devoir4\ift3355_tp4_a2021\build\debug\tp4.tlog\link.command.1.tlog
d:\onedrive\maths_cs\ift3355\devoir\devoir4\ift3355_tp4_a2021\build\debug\tp4.tlog\link.read.1.tlog
d:\onedrive\maths_cs\ift3355\devoir\devoir4\ift3355_tp4_a2021\build\debug\tp4.tlog\link.write.1.tlog
